<?xml version="1.0" encoding="UTF-8" ?>
<testsuite failures="1" time="0.067" errors="0" skipped="0" tests="2" name="com.metropolitana.multipagos.forms.TestUtils">
  <properties>
[...]
</properties>
  <testcase time="0.033" classname="com.metropolitana.multipagos.forms.TestUtils" name="testUtil"/>
  <testcase time="0.018" classname="com.metropolitana.multipagos.forms.TestUtils" name="testScriptUtil">
    <failure message="El valor no es el formato de fecha completa. expected:&lt;[martes 09 de noviembre de] 2010&gt; but was:&lt;[Tuesday, November 9,] 2010&gt;" type="junit.framework.ComparisonFailure">junit.framework.ComparisonFailure: El valor no es el formato de fecha completa. expected:&lt;[martes 09 de noviembre de] 2010&gt; but was:&lt;[Tuesday, November 9,] 2010&gt;
	at junit.framework.Assert.assertEquals(Assert.java:81)
	at com.metropolitana.multipagos.forms.TestUtils.testScriptUtil(TestUtils.java:97)
	at sun.reflect.NativeMethodAccessorImpl.invoke0(Native Method)
	at sun.reflect.NativeMethodAccessorImpl.invoke(NativeMethodAccessorImpl.java:57)
	at sun.reflect.DelegatingMethodAccessorImpl.invoke(DelegatingMethodAccessorImpl.java:43)
	at java.lang.reflect.Method.invoke(Method.java:601)
	at junit.framework.TestCase.runTest(TestCase.java:164)
	at junit.framework.TestCase.runBare(TestCase.java:130)
	at junit.framework.TestResult$1.protect(TestResult.java:110)
	at junit.framework.TestResult.runProtected(TestResult.java:128)
	at junit.framework.TestResult.run(TestResult.java:113)
	at junit.framework.TestCase.run(TestCase.java:120)
	at junit.framework.TestSuite.runTest(TestSuite.java:228)
	at junit.framework.TestSuite.run(TestSuite.java:223)
	at org.junit.internal.runners.OldTestClassRunner.run(OldTestClassRunner.java:35)
	at org.apache.maven.surefire.junit4.JUnit4TestSet.execute(JUnit4TestSet.java:62)
	at org.apache.maven.surefire.suite.AbstractDirectoryTestSuite.executeTestSet(AbstractDirectoryTestSuite.java:140)
	at org.apache.maven.surefire.suite.AbstractDirectoryTestSuite.execute(AbstractDirectoryTestSuite.java:127)
	at org.apache.maven.surefire.Surefire.run(Surefire.java:177)
	at sun.reflect.NativeMethodAccessorImpl.invoke0(Native Method)
	at sun.reflect.NativeMethodAccessorImpl.invoke(NativeMethodAccessorImpl.java:57)
	at sun.reflect.DelegatingMethodAccessorImpl.invoke(DelegatingMethodAccessorImpl.java:43)
	at java.lang.reflect.Method.invoke(Method.java:601)
	at org.apache.maven.surefire.booter.SurefireBooter.runSuitesInProcess(SurefireBooter.java:345)
	at org.apache.maven.surefire.booter.SurefireBooter.main(SurefireBooter.java:1009)
</failure>
  </testcase>
</testsuite>